# JRE version: OpenJDK Runtime Environment Temurin-17.0.3+7 (17.0.3+7) (build 17.0.3+7)
# Java VM: OpenJDK 64-Bit Server VM Temurin-17.0.3+7 (17.0.3+7, mixed mode, tiered, compressed oops, compressed class ptrs, g1 gc, windows-amd64)
GC Precious Log:
 CPUs: 4 total, 4 available
 Memory: 24524M
 Large Page Support: Disabled
 NUMA Support: Disabled
 Compressed Oops: Enabled (Zero based)
 Heap Region Size: 4M
 Heap Min Capacity: 8M
 Heap Initial Capacity: 384M
 Heap Max Capacity: 6132M
 Pre-touch: Disabled
 Parallel Workers: 4
 Concurrent Workers: 1
 Concurrent Refinement Workers: 4
 Periodic GC: Disabled
Heap:
 garbage-first heap   total 81920K, used 19710K [0x0000000680c00000, 0x0000000800000000)
  region size 4096K, 2 young (8192K), 1 survivors (4096K)
 Metaspace       used 21797K, committed 21952K, reserved 1073152K
  class space    used 2185K, committed 2240K, reserved 1048576K
GC Heap History (16 events):
Event: 1.172 GC heap before
{Heap before GC invocations=0 (full 0):
 garbage-first heap   total 393216K, used 16384K [0x0000000680c00000, 0x0000000800000000)
  region size 4096K, 4 young (16384K), 0 survivors (0K)
 Metaspace       used 19715K, committed 19840K, reserved 1073152K
  class space    used 2066K, committed 2112K, reserved 1048576K
}
Event: 1.177 GC heap after
{Heap after GC invocations=1 (full 0):
 garbage-first heap   total 393216K, used 5084K [0x0000000680c00000, 0x0000000800000000)
  region size 4096K, 1 young (4096K), 1 survivors (4096K)
 Metaspace       used 19715K, committed 19840K, reserved 1073152K
  class space    used 2066K, committed 2112K, reserved 1048576K
}
Event: 1.346 GC heap before
{Heap before GC invocations=1 (full 0):
 garbage-first heap   total 393216K, used 17372K [0x0000000680c00000, 0x0000000800000000)
  region size 4096K, 4 young (16384K), 1 survivors (4096K)
 Metaspace       used 20046K, committed 20288K, reserved 1073152K
  class space    used 2095K, committed 2240K, reserved 1048576K
}
Event: 1.349 GC heap after
{Heap after GC invocations=2 (full 0):
 garbage-first heap   total 393216K, used 6193K [0x0000000680c00000, 0x0000000800000000)
  region size 4096K, 1 young (4096K), 1 survivors (4096K)
 Metaspace       used 20046K, committed 20288K, reserved 1073152K
  class space    used 2095K, committed 2240K, reserved 1048576K
}
Event: 1.709 GC heap before
{Heap before GC invocations=2 (full 0):
 garbage-first heap   total 393216K, used 34865K [0x0000000680c00000, 0x0000000800000000)
  region size 4096K, 8 young (32768K), 1 survivors (4096K)
 Metaspace       used 20763K, committed 20928K, reserved 1073152K
  class space    used 2141K, committed 2240K, reserved 1048576K
}
Event: 1.712 GC heap after
{Heap after GC invocations=3 (full 0):
 garbage-first heap   total 393216K, used 8022K [0x0000000680c00000, 0x0000000800000000)
  region size 4096K, 1 young (4096K), 1 survivors (4096K)
 Metaspace       used 20763K, committed 20928K, reserved 1073152K
  class space    used 2141K, committed 2240K, reserved 1048576K
}
Event: 8.134 GC heap before
{Heap before GC invocations=3 (full 0):
 garbage-first heap   total 393216K, used 159574K [0x0000000680c00000, 0x0000000800000000)
  region size 4096K, 38 young (155648K), 1 survivors (4096K)
 Metaspace       used 20983K, committed 21184K, reserved 1073152K
  class space    used 2142K, committed 2240K, reserved 1048576K
}
Event: 8.154 GC heap after
{Heap after GC invocations=4 (full 0):
 garbage-first heap   total 393216K, used 18558K [0x0000000680c00000, 0x0000000800000000)
  region size 4096K, 4 young (16384K), 4 survivors (16384K)
 Metaspace       used 20983K, committed 21184K, reserved 1073152K
  class space    used 2142K, committed 2240K, reserved 1048576K
}
Event: 8.308 GC heap before
{Heap before GC invocations=4 (full 0):
 garbage-first heap   total 393216K, used 26750K [0x0000000680c00000, 0x0000000800000000)
  region size 4096K, 7 young (28672K), 4 survivors (16384K)
 Metaspace       used 21389K, committed 21504K, reserved 1073152K
  class space    used 2175K, committed 2240K, reserved 1048576K
}
Event: 8.318 GC heap after
{Heap after GC invocations=5 (full 0):
 garbage-first heap   total 393216K, used 19380K [0x0000000680c00000, 0x0000000800000000)
  region size 4096K, 3 young (12288K), 3 survivors (12288K)
 Metaspace       used 21389K, committed 21504K, reserved 1073152K
  class space    used 2175K, committed 2240K, reserved 1048576K
}
Event: 8.764 GC heap before
{Heap before GC invocations=6 (full 0):
 garbage-first heap   total 81920K, used 56244K [0x0000000680c00000, 0x0000000800000000)
  region size 4096K, 12 young (49152K), 3 survivors (12288K)
 Metaspace       used 21430K, committed 21568K, reserved 1073152K
  class space    used 2178K, committed 2240K, reserved 1048576K
}
Event: 8.776 GC heap after
{Heap after GC invocations=7 (full 0):
 garbage-first heap   total 81920K, used 20544K [0x0000000680c00000, 0x0000000800000000)
  region size 4096K, 1 young (4096K), 1 survivors (4096K)
 Metaspace       used 21430K, committed 21568K, reserved 1073152K
  class space    used 2178K, committed 2240K, reserved 1048576K
}
Event: 8.853 GC heap before
{Heap before GC invocations=7 (full 0):
 garbage-first heap   total 81920K, used 24640K [0x0000000680c00000, 0x0000000800000000)
  region size 4096K, 2 young (8192K), 1 survivors (4096K)
 Metaspace       used 21432K, committed 21568K, reserved 1073152K
  class space    used 2178K, committed 2240K, reserved 1048576K
}
Event: 8.857 GC heap after
{Heap after GC invocations=8 (full 0):
 garbage-first heap   total 81920K, used 19695K [0x0000000680c00000, 0x0000000800000000)
  region size 4096K, 1 young (4096K), 1 survivors (4096K)
 Metaspace       used 21432K, committed 21568K, reserved 1073152K
  class space    used 2178K, committed 2240K, reserved 1048576K
}
Event: 9.274 GC heap before
{Heap before GC invocations=8 (full 0):
 garbage-first heap   total 81920K, used 56559K [0x0000000680c00000, 0x0000000800000000)
  region size 4096K, 10 young (40960K), 1 survivors (4096K)
 Metaspace       used 21654K, committed 21760K, reserved 1073152K
  class space    used 2185K, committed 2240K, reserved 1048576K
}
Event: 9.277 GC heap after
{Heap after GC invocations=9 (full 0):
 garbage-first heap   total 81920K, used 19599K [0x0000000680c00000, 0x0000000800000000)
  region size 4096K, 1 young (4096K), 1 survivors (4096K)
 Metaspace       used 21654K, committed 21760K, reserved 1073152K
  class space    used 2185K, committed 2240K, reserved 1048576K
}

